<?xml version="1.0" encoding="UTF-8"?>
<!-- Generated by org.testng.reporters.JUnitReportReporter -->
<testsuite skipped="0" hostname="Admin-PC" name="com.mmt.test.HomePagemmTest" tests="1" failures="0" timestamp="24 Apr 2019 14:23:20 GMT" time="25.357" errors="0">
  <testcase name="Test1" time="25.357" classname="com.mmt.test.HomePagemmTest"/>
</testsuite> <!-- com.mmt.test.HomePagemmTest -->
